<?xml version="1.0" encoding="UTF-8"?>
<!-- Generated by org.testng.reporters.JUnitXMLReporter -->
<testsuite ignored="0" hostname="LAPTOP-128BB7V0" failures="0" tests="6" name="Default test" time="13.244" errors="0" timestamp="2022-11-09T16:11:32 IST">
  <testcase classname="altoromutual.AltoroMutualTest" name="login" time="1.183"/>
  <testcase classname="altoromutual.AltoroMutualTest" name="login" time="1.156"/>
  <testcase classname="altoromutual.AltoroMutualTest" name="accountCheck" time="0.833"/>
  <testcase classname="altoromutual.AltoroMutualTest" name="transferFunds" time="0.938"/>
  <testcase classname="altoromutual.AltoroMutualTest" name="transactionDetails" time="0.426"/>
  <testcase classname="altoromutual.AltoroMutualTest" name="signOff" time="5.352"/>
</testsuite> <!-- Default test -->
