<?xml version="1.0" encoding="UTF-8"?>
<testng-results ignored="0" total="6" passed="6" failed="0" skipped="0">
  <reporter-output>
  </reporter-output>
  <suite started-at="2022-11-09T16:11:18 IST" name="Default suite" finished-at="2022-11-09T16:11:32 IST" duration-ms="13244">
    <groups>
    </groups>
    <test started-at="2022-11-09T16:11:18 IST" name="Default test" finished-at="2022-11-09T16:11:32 IST" duration-ms="13244">
      <class name="altoromutual.AltoroMutualTest">
        <test-method is-config="true" signature="browserLaunch()[pri:0, instance:altoromutual.AltoroMutualTest@1189dd52]" started-at="2022-11-09T16:11:18 IST" name="browserLaunch" finished-at="2022-11-09T16:11:21 IST" duration-ms="3037" status="PASS">
          <reporter-output>
          </reporter-output>
        </test-method> <!-- browserLaunch -->
        <test-method is-config="true" signature="initializaeElements()[pri:0, instance:altoromutual.AltoroMutualTest@1189dd52]" started-at="2022-11-09T16:11:21 IST" name="initializaeElements" finished-at="2022-11-09T16:11:21 IST" duration-ms="16" status="PASS">
          <reporter-output>
          </reporter-output>
        </test-method> <!-- initializaeElements -->
        <test-method signature="login(java.lang.String,java.lang.String)[pri:0, instance:altoromutual.AltoroMutualTest@1189dd52]" started-at="2022-11-09T16:11:21 IST" name="login" data-provider="Altoro" finished-at="2022-11-09T16:11:23 IST" duration-ms="1183" status="PASS">
          <params>
            <param index="0">
              <value>
                <![CDATA[demo_user]]>
              </value>
            </param>
            <param index="1">
              <value>
                <![CDATA[demo_user]]>
              </value>
            </param>
          </params>
          <reporter-output>
          </reporter-output>
        </test-method> <!-- login -->
        <test-method is-config="true" signature="initializaeElements()[pri:0, instance:altoromutual.AltoroMutualTest@1189dd52]" started-at="2022-11-09T16:11:23 IST" name="initializaeElements" finished-at="2022-11-09T16:11:23 IST" duration-ms="1" status="PASS">
          <reporter-output>
          </reporter-output>
        </test-method> <!-- initializaeElements -->
        <test-method signature="login(java.lang.String,java.lang.String)[pri:0, instance:altoromutual.AltoroMutualTest@1189dd52]" started-at="2022-11-09T16:11:23 IST" name="login" data-provider="Altoro" finished-at="2022-11-09T16:11:24 IST" duration-ms="1156" status="PASS">
          <params>
            <param index="0">
              <value>
                <![CDATA[admin]]>
              </value>
            </param>
            <param index="1">
              <value>
                <![CDATA[admin]]>
              </value>
            </param>
          </params>
          <reporter-output>
          </reporter-output>
        </test-method> <!-- login -->
        <test-method is-config="true" signature="initializaeElements()[pri:0, instance:altoromutual.AltoroMutualTest@1189dd52]" started-at="2022-11-09T16:11:24 IST" name="initializaeElements" finished-at="2022-11-09T16:11:24 IST" duration-ms="1" status="PASS">
          <reporter-output>
          </reporter-output>
        </test-method> <!-- initializaeElements -->
        <test-method signature="accountCheck()[pri:1, instance:altoromutual.AltoroMutualTest@1189dd52]" started-at="2022-11-09T16:11:24 IST" name="accountCheck" finished-at="2022-11-09T16:11:25 IST" duration-ms="833" status="PASS">
          <reporter-output>
          </reporter-output>
        </test-method> <!-- accountCheck -->
        <test-method is-config="true" signature="initializaeElements()[pri:0, instance:altoromutual.AltoroMutualTest@1189dd52]" started-at="2022-11-09T16:11:25 IST" name="initializaeElements" finished-at="2022-11-09T16:11:25 IST" duration-ms="2" status="PASS">
          <reporter-output>
          </reporter-output>
        </test-method> <!-- initializaeElements -->
        <test-method signature="transferFunds()[pri:2, instance:altoromutual.AltoroMutualTest@1189dd52]" started-at="2022-11-09T16:11:25 IST" name="transferFunds" finished-at="2022-11-09T16:11:25 IST" duration-ms="938" status="PASS">
          <reporter-output>
          </reporter-output>
        </test-method> <!-- transferFunds -->
        <test-method is-config="true" signature="initializaeElements()[pri:0, instance:altoromutual.AltoroMutualTest@1189dd52]" started-at="2022-11-09T16:11:25 IST" name="initializaeElements" finished-at="2022-11-09T16:11:25 IST" duration-ms="1" status="PASS">
          <reporter-output>
          </reporter-output>
        </test-method> <!-- initializaeElements -->
        <test-method signature="transactionDetails()[pri:3, instance:altoromutual.AltoroMutualTest@1189dd52]" started-at="2022-11-09T16:11:25 IST" name="transactionDetails" finished-at="2022-11-09T16:11:26 IST" duration-ms="426" status="PASS">
          <reporter-output>
          </reporter-output>
        </test-method> <!-- transactionDetails -->
        <test-method is-config="true" signature="initializaeElements()[pri:0, instance:altoromutual.AltoroMutualTest@1189dd52]" started-at="2022-11-09T16:11:26 IST" name="initializaeElements" finished-at="2022-11-09T16:11:26 IST" duration-ms="7" status="PASS">
          <reporter-output>
          </reporter-output>
        </test-method> <!-- initializaeElements -->
        <test-method signature="signOff(java.lang.String,java.lang.String,java.lang.String)[pri:4, instance:altoromutual.AltoroMutualTest@1189dd52]" started-at="2022-11-09T16:11:26 IST" name="signOff" data-provider="comments" finished-at="2022-11-09T16:11:31 IST" duration-ms="5352" status="PASS">
          <params>
            <param index="0">
              <value>
                <![CDATA[test123@gamil.com]]>
              </value>
            </param>
            <param index="1">
              <value>
                <![CDATA[test]]>
              </value>
            </param>
            <param index="2">
              <value>
                <![CDATA[test comment]]>
              </value>
            </param>
          </params>
          <reporter-output>
          </reporter-output>
        </test-method> <!-- signOff -->
        <test-method is-config="true" signature="tearDown()[pri:0, instance:altoromutual.AltoroMutualTest@1189dd52]" started-at="2022-11-09T16:11:31 IST" name="tearDown" finished-at="2022-11-09T16:11:32 IST" duration-ms="253" status="PASS">
          <reporter-output>
          </reporter-output>
        </test-method> <!-- tearDown -->
      </class> <!-- altoromutual.AltoroMutualTest -->
    </test> <!-- Default test -->
  </suite> <!-- Default suite -->
</testng-results>
